<?xml version="1.0" encoding="UTF-8"?>
<!-- Generated by org.testng.reporters.JUnitReportReporter -->
<testsuite skipped="0" hostname="Pkt-D15" name="test.SearchTest" tests="1" failures="0" timestamp="18 Oct 2017 09:24:41 GMT" time="89.897" errors="0">
  <testcase name="freeFormSearch" time="89.897" classname="test.SearchTest"/>
</testsuite> <!-- test.SearchTest -->
