<?xml version="1.0" encoding="UTF-8"?>
<!-- Generated by org.testng.reporters.JUnitReportReporter -->
<testsuite skipped="0" hostname="Pkt-D15" name="Catalyst.sdf.TestAddDeleteFolders" tests="1" failures="0" timestamp="16 Oct 2017 05:03:08 GMT" time="7.087" errors="0">
  <testcase name="addDeleteCustomFolder" time="7.087" classname="Catalyst.sdf.TestAddDeleteFolders"/>
</testsuite> <!-- Catalyst.sdf.TestAddDeleteFolders -->
